[doctest] doctest version is "1.0.0"
[doctest] run with "--help" for options
===============================================================================
test.cpp(6)
subcases

===============================================================================
test.cpp(6)
subcases
  2

test.cpp(11) FAILED! 
  CHECK( 0 )
with expansion:
  CHECK( 0 )

===============================================================================
test.cpp(35)
assertions

test.cpp(36) PASSED!
  CHECK( true )
with expansion:
  CHECK( true )

test.cpp(37) FAILED! 
  CHECK( 1 == 0 )
with expansion:
  CHECK( 1 == 0 )

test.cpp(38) FAILED! 
  CHECK_FALSE( 1 )
with expansion:
  CHECK_FALSE( 1 )

test.cpp(39) FAILED! 
  CHECK( myType() == myType() )
with expansion:
  CHECK( myType! == myType! )

test.cpp(40) FAILED! 
  CHECK( Approx(0.1) == 0.2 )
with expansion:
  CHECK( Approx( 0.1 ) == 0.2 )

test.cpp(42) PASSED!
  CHECK_THROWS( throws(true) )

test.cpp(43) FAILED!
  CHECK_THROWS( throws(false) )

test.cpp(44) PASSED!
  CHECK_NOTHROW( throws(false) )

test.cpp(45) FAILED!
  CHECK_NOTHROW( throws(true) )

test.cpp(46) PASSED!
  CHECK_THROWS_AS( throws(true), bool )

test.cpp(47) FAILED! (didn't throw at all)
  REQUIRE_THROWS_AS( throws(false), bool )

===============================================================================
test.cpp(50)
assertions - all of them

test.cpp(51) PASSED!
  WARN( true )
with expansion:
  WARN( true )

test.cpp(52) PASSED!
  CHECK( true )
with expansion:
  CHECK( true )

test.cpp(53) PASSED!
  REQUIRE( true )
with expansion:
  REQUIRE( true )

test.cpp(54) PASSED!
  WARN_FALSE( false )
with expansion:
  WARN_FALSE( false )

test.cpp(55) PASSED!
  CHECK_FALSE( false )
with expansion:
  CHECK_FALSE( false )

test.cpp(56) PASSED!
  REQUIRE_FALSE( false )
with expansion:
  REQUIRE_FALSE( false )

test.cpp(57) PASSED!
  WARN_THROWS( throws(true) )

test.cpp(58) PASSED!
  CHECK_THROWS( throws(true) )

test.cpp(59) PASSED!
  REQUIRE_THROWS( throws(true) )

test.cpp(60) PASSED!
  WARN_THROWS_AS( throws(true), bool )

test.cpp(61) PASSED!
  CHECK_THROWS_AS( throws(true), bool )

test.cpp(62) PASSED!
  REQUIRE_THROWS_AS( throws(true), bool )

test.cpp(63) PASSED!
  WARN_NOTHROW( throws(false) )

test.cpp(64) PASSED!
  CHECK_NOTHROW( throws(false) )

test.cpp(65) PASSED!
  REQUIRE_NOTHROW( throws(false) )

test.cpp(66) PASSED!
  WARN_EQ( 1, 1 )
with expansion:
  WARN_EQ( 1, 1 )

test.cpp(67) PASSED!
  CHECK_EQ( 1, 1 )
with expansion:
  CHECK_EQ( 1, 1 )

test.cpp(68) PASSED!
  REQUIRE_EQ( 1, 1 )
with expansion:
  REQUIRE_EQ( 1, 1 )

test.cpp(69) PASSED!
  WARN_NE( 1, 0 )
with expansion:
  WARN_NE( 1, 0 )

test.cpp(70) PASSED!
  CHECK_NE( 1, 0 )
with expansion:
  CHECK_NE( 1, 0 )

test.cpp(71) PASSED!
  REQUIRE_NE( 1, 0 )
with expansion:
  REQUIRE_NE( 1, 0 )

test.cpp(72) PASSED!
  WARN_GT( 1, 0 )
with expansion:
  WARN_GT( 1, 0 )

test.cpp(73) PASSED!
  CHECK_GT( 1, 0 )
with expansion:
  CHECK_GT( 1, 0 )

test.cpp(74) PASSED!
  REQUIRE_GT( 1, 0 )
with expansion:
  REQUIRE_GT( 1, 0 )

test.cpp(75) PASSED!
  WARN_LT( 0, 1 )
with expansion:
  WARN_LT( 0, 1 )

test.cpp(76) PASSED!
  CHECK_LT( 0, 1 )
with expansion:
  CHECK_LT( 0, 1 )

test.cpp(77) PASSED!
  REQUIRE_LT( 0, 1 )
with expansion:
  REQUIRE_LT( 0, 1 )

test.cpp(78) PASSED!
  WARN_GE( 1, 1 )
with expansion:
  WARN_GE( 1, 1 )

test.cpp(79) PASSED!
  CHECK_GE( 1, 1 )
with expansion:
  CHECK_GE( 1, 1 )

test.cpp(80) PASSED!
  REQUIRE_GE( 1, 1 )
with expansion:
  REQUIRE_GE( 1, 1 )

test.cpp(81) PASSED!
  WARN_LE( 1, 1 )
with expansion:
  WARN_LE( 1, 1 )

test.cpp(82) PASSED!
  CHECK_LE( 1, 1 )
with expansion:
  CHECK_LE( 1, 1 )

test.cpp(83) PASSED!
  REQUIRE_LE( 1, 1 )
with expansion:
  REQUIRE_LE( 1, 1 )

test.cpp(84) PASSED!
  WARN_UNARY( 1 )
with expansion:
  WARN_UNARY( 1 )

test.cpp(85) PASSED!
  CHECK_UNARY( 1 )
with expansion:
  CHECK_UNARY( 1 )

test.cpp(86) PASSED!
  REQUIRE_UNARY( 1 )
with expansion:
  REQUIRE_UNARY( 1 )

test.cpp(87) PASSED!
  WARN_UNARY_FALSE( 0 )
with expansion:
  WARN_UNARY_FALSE( 0 )

test.cpp(88) PASSED!
  CHECK_UNARY_FALSE( 0 )
with expansion:
  CHECK_UNARY_FALSE( 0 )

test.cpp(89) PASSED!
  REQUIRE_UNARY_FALSE( 0 )
with expansion:
  REQUIRE_UNARY_FALSE( 0 )

test.cpp(90) PASSED!
  FAST_WARN_EQ( 1, 1 )
with expansion:
  FAST_WARN_EQ( 1, 1 )

test.cpp(91) PASSED!
  FAST_CHECK_EQ( 1, 1 )
with expansion:
  FAST_CHECK_EQ( 1, 1 )

test.cpp(92) PASSED!
  FAST_REQUIRE_EQ( 1, 1 )
with expansion:
  FAST_REQUIRE_EQ( 1, 1 )

test.cpp(93) PASSED!
  FAST_WARN_NE( 1, 0 )
with expansion:
  FAST_WARN_NE( 1, 0 )

test.cpp(94) PASSED!
  FAST_CHECK_NE( 1, 0 )
with expansion:
  FAST_CHECK_NE( 1, 0 )

test.cpp(95) PASSED!
  FAST_REQUIRE_NE( 1, 0 )
with expansion:
  FAST_REQUIRE_NE( 1, 0 )

test.cpp(96) PASSED!
  FAST_WARN_GT( 1, 0 )
with expansion:
  FAST_WARN_GT( 1, 0 )

test.cpp(97) PASSED!
  FAST_CHECK_GT( 1, 0 )
with expansion:
  FAST_CHECK_GT( 1, 0 )

test.cpp(98) PASSED!
  FAST_REQUIRE_GT( 1, 0 )
with expansion:
  FAST_REQUIRE_GT( 1, 0 )

test.cpp(99) PASSED!
  FAST_WARN_LT( 0, 1 )
with expansion:
  FAST_WARN_LT( 0, 1 )

test.cpp(100) PASSED!
  FAST_CHECK_LT( 0, 1 )
with expansion:
  FAST_CHECK_LT( 0, 1 )

test.cpp(101) PASSED!
  FAST_REQUIRE_LT( 0, 1 )
with expansion:
  FAST_REQUIRE_LT( 0, 1 )

test.cpp(102) PASSED!
  FAST_WARN_GE( 1, 1 )
with expansion:
  FAST_WARN_GE( 1, 1 )

test.cpp(103) PASSED!
  FAST_CHECK_GE( 1, 1 )
with expansion:
  FAST_CHECK_GE( 1, 1 )

test.cpp(104) PASSED!
  FAST_REQUIRE_GE( 1, 1 )
with expansion:
  FAST_REQUIRE_GE( 1, 1 )

test.cpp(105) PASSED!
  FAST_WARN_LE( 1, 1 )
with expansion:
  FAST_WARN_LE( 1, 1 )

test.cpp(106) PASSED!
  FAST_CHECK_LE( 1, 1 )
with expansion:
  FAST_CHECK_LE( 1, 1 )

test.cpp(107) PASSED!
  FAST_REQUIRE_LE( 1, 1 )
with expansion:
  FAST_REQUIRE_LE( 1, 1 )

test.cpp(108) PASSED!
  FAST_WARN_UNARY( 1 )
with expansion:
  FAST_WARN_UNARY( 1 )

test.cpp(109) PASSED!
  FAST_CHECK_UNARY( 1 )
with expansion:
  FAST_CHECK_UNARY( 1 )

test.cpp(110) PASSED!
  FAST_REQUIRE_UNARY( 1 )
with expansion:
  FAST_REQUIRE_UNARY( 1 )

test.cpp(111) PASSED!
  FAST_WARN_UNARY_FALSE( 0 )
with expansion:
  FAST_WARN_UNARY_FALSE( 0 )

test.cpp(112) PASSED!
  FAST_CHECK_UNARY_FALSE( 0 )
with expansion:
  FAST_CHECK_UNARY_FALSE( 0 )

test.cpp(113) FAILED! 
  FAST_REQUIRE_UNARY_FALSE( 1 )
with expansion:
  FAST_REQUIRE_UNARY_FALSE( 1 )

===============================================================================
test.cpp(116)
throws

TEST CASE FAILED! (threw exception)

===============================================================================
[doctest] test cases:    4 |    0 passed |    4 failed |    2 skipped
[doctest] assertions:   54 |   45 passed |    9 failed |
